
test-sdl: system execution failed.
Following is the set of recorded exceptions:

-------------------------------------------------------------------------------
Class / Object      Routine                Nature of exception           Effect
-------------------------------------------------------------------------------
APPLICATION         get_sdl_loadbmp_width  Unhandled exception:         
<0000000002E30400>  (From SDL_WRAPPER)     External event.               Fail
-------------------------------------------------------------------------------
APPLICATION         get_sdl_loadbmp_width                               
<0000000002E30400>  (From SDL_WRAPPER)     Routine failure.              Fail
-------------------------------------------------------------------------------
APPLICATION         make @5                                             
<0000000002E30400>                         Routine failure.              Fail
-------------------------------------------------------------------------------
APPLICATION         root's creation                                     
<0000000002E30400>                         Routine failure.              Exit
-------------------------------------------------------------------------------

test-sdl: system execution failed.
Following is the set of recorded exceptions:

-------------------------------------------------------------------------------
Class / Object      Routine                Nature of exception           Effect
-------------------------------------------------------------------------------
WINDOW              sdl_init_noreturn      Segmentation violation:      
<0000000003A08430>  (From SDL_WRAPPER)     Operating system signal.      Fail
-------------------------------------------------------------------------------
WINDOW              sdl_init_noreturn                                   
<0000000003A08430>  (From SDL_WRAPPER)     Routine failure.              Fail
-------------------------------------------------------------------------------
WINDOW              create_window @2                                    
<0000000003A08430>                         Routine failure.              Fail
-------------------------------------------------------------------------------
APPLICATION         make @1                                             
<0000000003A08400>                         Routine failure.              Fail
-------------------------------------------------------------------------------
APPLICATION         root's creation                                     
<0000000003A08400>                         Routine failure.              Exit
-------------------------------------------------------------------------------

test-sdl: system execution failed.
Following is the set of recorded exceptions:

-------------------------------------------------------------------------------
Class / Object      Routine                Nature of exception           Effect
-------------------------------------------------------------------------------
WINDOW              sdl_init_noreturn      Segmentation violation:      
<00000000037BF430>  (From SDL_WRAPPER)     Operating system signal.      Fail
-------------------------------------------------------------------------------
WINDOW              sdl_init_noreturn                                   
<00000000037BF430>  (From SDL_WRAPPER)     Routine failure.              Fail
-------------------------------------------------------------------------------
WINDOW              create_window @2                                    
<00000000037BF430>                         Routine failure.              Fail
-------------------------------------------------------------------------------
APPLICATION         make @1                                             
<00000000037BF400>                         Routine failure.              Fail
-------------------------------------------------------------------------------
APPLICATION         root's creation                                     
<00000000037BF400>                         Routine failure.              Exit
-------------------------------------------------------------------------------
cannot send request

test-sdl: system execution failed.
Following is the set of recorded exceptions:

-------------------------------------------------------------------------------
Class / Object      Routine                Nature of exception           Effect
-------------------------------------------------------------------------------
RECT                destroy_rect @1        Unhandled exception:         
<0000000002EE070C>                         External event.               Fail
-------------------------------------------------------------------------------
RECT                destroy_rect @1                                     
<0000000002EE070C>                         Routine failure.              Fail
-------------------------------------------------------------------------------
APPLICATION         make @30                                            
<0000000002EE0418>                         Routine failure.              Fail
-------------------------------------------------------------------------------
APPLICATION         root's creation                                     
<0000000002EE0418>                         Routine failure.              Exit
-------------------------------------------------------------------------------

test-sdl: system execution failed.
Following is the set of recorded exceptions:

-------------------------------------------------------------------------------
Class / Object      Routine                Nature of exception           Effect
-------------------------------------------------------------------------------
POINTER             c_free                 Unhandled exception:         
<0000000002E690DC>  (From POINTER_REF)     External event.               Fail
-------------------------------------------------------------------------------
POINTER             c_free                                              
<0000000002E690DC>  (From POINTER_REF)     Routine failure.              Fail
-------------------------------------------------------------------------------
POINTER             memory_free @1                                      
<0000000002E690DC>  (From POINTER_REF)     Routine failure.              Fail
-------------------------------------------------------------------------------
APPLICATION         make @36                                            
<0000000002E60418>                         Routine failure.              Fail
-------------------------------------------------------------------------------
APPLICATION         root's creation                                     
<0000000002E60418>                         Routine failure.              Exit
-------------------------------------------------------------------------------
